make all --print-data-base --no-builtin-variables --no-builtin-rules --question
make: *** No rule to make target 'all'.  Stop.

# GNU Make 4.3
# Built for x86_64-pc-linux-gnu
# Copyright (C) 1988-2020 Free Software Foundation, Inc.
# License GPLv3+: GNU GPL version 3 or later <http://gnu.org/licenses/gpl.html>
# This is free software: you are free to change and redistribute it.
# There is NO WARRANTY, to the extent permitted by law.

# Make data base, printed on Tue May 30 14:46:33 2023

# Variables

# environment
GDK_BACKEND = x11
# environment
LC_ALL = C
# environment
GNOME_SHELL_SESSION_MODE = ubuntu
# environment
SSH_AGENT_LAUNCHER = gnome-keyring
# environment
GJS_DEBUG_OUTPUT = stderr
# environment
VSCODE_CRASH_REPORTER_PROCESS_TYPE = extensionHost
# environment
VSCODE_CWD = /home/yuval
# default
MAKE_COMMAND := make
# environment
QT_ACCESSIBILITY = 1
# makefile (from 'Makefile', line 8)
TIDY_FLAGS = -extra-arg=-std=$(CXXVERSION) -checks=bugprone-*,clang-analyzer-*,cppcoreguidelines-*,performance-*,portability-*,readability-*,-cppcoreguidelines-pro-bounds-pointer-arithmetic,-cppcoreguidelines-owning-memory --warnings-as-errors=*
# automatic
@D = $(patsubst %/,%,$(dir $@))
# makefile (from 'Makefile', line 5)
SOURCE_PATH = sources
# environment
VSCODE_HANDLES_UNCAUGHT_ERRORS = true
# default
.VARIABLES := 
# environment
PWD = /home/yuval/Documents/EX5-TESTS
# automatic
%D = $(patsubst %/,%,$(dir $%))
# environment
XDG_DATA_DIRS = /usr/share/ubuntu:/usr/local/share/:/usr/share/:/var/lib/snapd/desktop
# automatic
^D = $(patsubst %/,%,$(dir $^))
# automatic
%F = $(notdir $%)
# environment
VSCODE_CODE_CACHE_PATH = /home/yuval/.config/Code/CachedData/b3e4e68a0bc097f0ae7907b217c1119af9e03435
# environment
LANG = C
# environment
XAUTHORITY = /run/user/1000/.mutter-Xwaylandauth.I6QZ51
# default
.LOADED := 
# default
.INCLUDE_DIRS = /usr/local/include /usr/include /usr/include
# makefile
MAKEFLAGS = pqrR
# makefile (from 'Makefile', line 9)
VALGRIND_FLAGS = -v --leak-check=full --show-leak-kinds=all  --error-exitcode=99
# makefile
CURDIR := /home/yuval/Documents/EX5-TESTS
# environment
APPLICATION_INSIGHTS_NO_DIAGNOSTIC_CHANNEL = 1
# environment
LESSOPEN = | /usr/bin/lesspipe %s
# environment
VSCODE_L10N_BUNDLE_LOCATION = 
# automatic
*D = $(patsubst %/,%,$(dir $*))
# environment
MFLAGS = -pqrR
# environment
SSH_AUTH_SOCK = /run/user/1000/keyring/ssh
# default
.SHELLFLAGS := -c
# environment
WAYLAND_DISPLAY = wayland-0
# environment
XDG_CONFIG_DIRS = /etc/xdg/xdg-ubuntu:/etc/xdg
# automatic
+D = $(patsubst %/,%,$(dir $+))
# environment
XDG_SESSION_DESKTOP = ubuntu
# makefile (from 'Makefile', line 1)
MAKEFILE_LIST := Makefile
# automatic
@F = $(notdir $@)
# environment
VSCODE_PID = 4980
# environment
XDG_SESSION_TYPE = wayland
# automatic
?D = $(patsubst %/,%,$(dir $?))
# environment
SESSION_MANAGER = local/yuval:@/tmp/.ICE-unix/1569,unix/yuval:/tmp/.ICE-unix/1569
# automatic
*F = $(notdir $*)
# environment
CHROME_DESKTOP = code-url-handler.desktop
# environment
DBUS_SESSION_BUS_ADDRESS = unix:path=/run/user/1000/bus
# automatic
<D = $(patsubst %/,%,$(dir $<))
# environment
VSCODE_NLS_CONFIG = {"locale":"en-gb","osLocale":"en-il","availableLanguages":{},"_languagePackSupport":true}
# default
MAKE_HOST := x86_64-pc-linux-gnu
# environment
GNOME_DESKTOP_SESSION_ID = this-is-deprecated
# makefile
SHELL = /bin/sh
# default
MAKECMDGOALS := all
# environment
XMODIFIERS = @im=ibus
# makefile (from 'Makefile', line 12)
HEADERS = $(wildcard $(SOURCE_PATH)/*.hpp)
# environment
GJS_DEBUG_TOPICS = JS ERROR;JS LOG
# environment
SHLVL = 0
# environment
MAKELEVEL := 0
# environment
IM_CONFIG_CHECK_ENV = 1
# default
MAKE = $(MAKE_COMMAND)
# environment
PATH = /usr/local/sbin:/usr/local/bin:/usr/sbin:/usr/bin:/sbin:/bin:/usr/games:/usr/local/games:/snap/bin:/snap/bin
# default
MAKEFILES := 
# environment
LANGUAGE = en_IL:en
# automatic
^F = $(notdir $^)
# environment
INVOCATION_ID = a00d0777c8c6456eb95f1de4ac385d4b
# environment
USERNAME = yuval
# environment
GNOME_SETUP_DISPLAY = :1
# environment
LESSCLOSE = /usr/bin/lesspipe %s %s
# automatic
?F = $(notdir $?)
# environment
XDG_CURRENT_DESKTOP = Unity
# automatic
+F = $(notdir $+)
# environment
DESKTOP_SESSION = ubuntu
# environment
ORIGINAL_XDG_CURRENT_DESKTOP = ubuntu:GNOME
# makefile (from 'Makefile', line 13)
OBJECTS = $(subst sources/,objects/,$(subst .cpp,.o,$(SOURCES)))
# 'override' directive
GNUMAKEFLAGS := 
# environment
LOGNAME = yuval
# environment
GIO_LAUNCHED_DESKTOP_FILE = /usr/share/applications/code.desktop
# makefile
.DEFAULT_GOAL := run
# environment
SYSTEMD_EXEC_PID = 1591
# environment
DISPLAY = :0
# environment
USER = yuval
# environment
GTK_MODULES = gail:atk-bridge
# default
MAKE_VERSION := 4.3
# environment
MANAGERPID = 1442
# environment
GIO_LAUNCHED_DESKTOP_FILE_PID = 4980
# environment
_ = /usr/share/code/code
# environment
XDG_RUNTIME_DIR = /run/user/1000
# environment
JOURNAL_STREAM = 8:24170
# environment
XDG_SESSION_CLASS = user
# environment
VSCODE_AMD_ENTRYPOINT = vs/workbench/api/node/extensionHostProcess
# environment
HOME = /home/yuval
# environment
QT_IM_MODULE = ibus
# environment
ELECTRON_RUN_AS_NODE = 1
# environment
VSCODE_IPC_HOOK = /run/user/1000/vscode-e9bddc91-1.78-main.sock
# environment
IM_CONFIG_PHASE = 1
# default
.RECIPEPREFIX := 
# automatic
<F = $(notdir $<)
# environment
VSCODE_CRASH_REPORTER_SANDBOXED_HINT = 1
# default
SUFFIXES := 
# makefile (from 'Makefile', line 7)
CXXFLAGS = -std=$(CXXVERSION) -Werror -Wsign-conversion -I$(SOURCE_PATH)
# default
.FEATURES := target-specific order-only second-expansion else-if shortest-stem undefine oneshell nocomment grouped-target extra-prereqs archives jobserver output-sync check-symlink load
# makefile (from 'Makefile', line 4)
CXXVERSION = c++2a
# makefile (from 'Makefile', line 3)
CXX = clang++-14
# makefile (from 'Makefile', line 6)
OBJECT_PATH = objects
# makefile (from 'Makefile', line 11)
SOURCES = $(wildcard $(SOURCE_PATH)/*.cpp)
# environment
XDG_MENU_PREFIX = gnome-
# environment
GDMSESSION = ubuntu
# variable set hash-table stats:
# Load=107/1024=10%, Rehash=0, Collisions=7/149=5%

# Pattern-specific Variable Values

# No pattern-specific variable values.

# Directories

# . (device 2051, inode 796564): 13 files, no impossibilities.
# sources (device 2051, inode 799449): 10 files, no impossibilities.

# 23 files, no impossibilities in 2 directories.

# Implicit Rules

%.o: %.cpp sources/MagicalContainer.hpp
#  recipe to execute (from 'Makefile', line 32):
	$(CXX) $(CXXFLAGS) --compile $< -o $@

objects/%.o: sources/%.cpp sources/MagicalContainer.hpp
#  recipe to execute (from 'Makefile', line 35):
	$(CXX) $(CXXFLAGS) --compile $< -o $@

# 2 implicit rules, 0 (0.0%) terminal.
# Files

# Not a target:
objects/MagicalContainer.o:
#  Implicit rule search has not been done.
#  Modification time never checked.
#  File has not been updated.

# Not a target:
Makefile:
#  Implicit rule search has been done.
#  Last modified 2023-05-24 12:00:51
#  File has been updated.
#  Successfully updated.

# Not a target:
Demo.o:
#  Implicit rule search has not been done.
#  Modification time never checked.
#  File has not been updated.

tidy:
#  Implicit rule search has not been done.
#  Modification time never checked.
#  File has not been updated.
#  recipe to execute (from 'Makefile', line 25):
	clang-tidy $(HEADERS) $(TIDY_FLAGS) --

clean:
 
#  Implicit rule search has not been done.
#  Modification time never checked.
#  File has not been updated.
#  recipe to execute (from 'Makefile', line 38):
	rm -f $(OBJECTS) *.o test* demo*
	rm -f StudentTest*.cpp

valgrind: demo test
#  Implicit rule search has not been done.
#  Modification time never checked.
#  File has not been updated.
#  recipe to execute (from 'Makefile', line 28):
	valgrind --tool=memcheck $(VALGRIND_FLAGS) ./demo 2>&1 | { egrep "lost| at " || true; }
	valgrind --tool=memcheck $(VALGRIND_FLAGS) ./test 2>&1 | { egrep "lost| at " || true; }

# Not a target:
objects/SideCrossIterator.o:
#  Implicit rule search has not been done.
#  Modification time never checked.
#  File has not been updated.

# Not a target:
.DEFAULT:
#  Implicit rule search has not been done.
#  Modification time never checked.
#  File has not been updated.

# Not a target:
all:
#  Command line target.
#  Implicit rule search has been done.
#  File does not exist.
#  File has not been updated.

run: demo
#  Implicit rule search has not been done.
#  Modification time never checked.
#  File has not been updated.
#  recipe to execute (from 'Makefile', line 16):
	./$^

# Not a target:
objects/AscendingIterator.o:
#  Implicit rule search has not been done.
#  Modification time never checked.
#  File has not been updated.

# Not a target:
TestCounter.o:
#  Implicit rule search has not been done.
#  Modification time never checked.
#  File has not been updated.

test: TestCounter.o Test.o objects/AscendingIterator.o objects/MagicalContainer.o objects/PrimeIterator.o objects/SideCrossIterator.o objects/myTest.o
#  Implicit rule search has not been done.
#  Modification time never checked.
#  File has not been updated.
#  recipe to execute (from 'Makefile', line 22):
	$(CXX) $(CXXFLAGS) $^ -o $@

demo: Demo.o objects/AscendingIterator.o objects/MagicalContainer.o objects/PrimeIterator.o objects/SideCrossIterator.o objects/myTest.o
#  Implicit rule search has not been done.
#  Modification time never checked.
#  File has not been updated.
#  recipe to execute (from 'Makefile', line 19):
	$(CXX) $(CXXFLAGS) $^ -o $@

# Not a target:
objects/PrimeIterator.o:
#  Implicit rule search has not been done.
#  Modification time never checked.
#  File has not been updated.

# Not a target:
Test.o:
#  Implicit rule search has not been done.
#  Modification time never checked.
#  File has not been updated.

# Not a target:
objects/myTest.o:
#  Implicit rule search has not been done.
#  Modification time never checked.
#  File has not been updated.

# files hash-table stats:
# Load=18/1024=2%, Rehash=0, Collisions=0/45=0%
# VPATH Search Paths

# No 'vpath' search paths.

# No general ('VPATH' variable) search path.

# strcache buffers: 1 (0) / strings = 45 / storage = 554 B / avg = 12 B
# current buf: size = 8162 B / used = 554 B / count = 45 / avg = 12 B

# strcache performance: lookups = 67 / hit rate = 32%
# hash-table stats:
# Load=45/8192=1%, Rehash=0, Collisions=0/67=0%
# Finished Make data base on Tue May 30 14:46:33 2023

 
